#
# There is insufficient memory for the Java Runtime Environment to continue.
# Native memory allocation (mmap) failed to map 113246208 bytes for G1 virtual space
# Possible reasons:
#   The system is out of physical RAM or swap space
#   The process is running with CompressedOops enabled, and the Java Heap may be blocking the growth of the native heap
# Possible solutions:
#   Reduce memory load on the system
#   Increase physical memory or swap space
#   Check if swap backing store is full
#   Decrease Java heap size (-Xmx/-Xms)
#   Decrease number of Java threads
#   Decrease Java thread stack sizes (-Xss)
#   Set larger code cache with -XX:ReservedCodeCacheSize=
#   JVM is running with Zero Based Compressed Oops mode in which the Java heap is
#     placed in the first 32GB address space. The Java Heap base address is the
#     maximum limit for the native heap growth. Please use -XX:HeapBaseMinAddress
#     to set the Java Heap base and to place the Java Heap above 32GB virtual address.
# This output file may be truncated or incomplete.
#
#  Out of Memory Error (os_windows.cpp:3548), pid=82176, tid=41748
#
# JRE version: Java(TM) SE Runtime Environment (17.0.10+11) (build 17.0.10+11-LTS-240)
# Java VM: Java HotSpot(TM) 64-Bit Server VM (17.0.10+11-LTS-240, mixed mode, sharing, tiered, compressed oops, compressed class ptrs, g1 gc, windows-amd64)
# No core dump will be written. Minidumps are not enabled by default on client versions of Windows
#

---------------  S U M M A R Y ------------

Command Line: -Dclassworlds.conf=C:\Program Files\Apache Maven\bin\m2.conf -Dmaven.home=C:\Program Files\Apache Maven -Dlibrary.jansi.path=C:\Program Files\Apache Maven\lib\jansi-native -Dmaven.multiModuleProjectDirectory=C:\Users\solya\RentifyToolsProject\Project-RentifyTools-Backend\rentify-tools org.codehaus.plexus.classworlds.launcher.Launcher clean install

Host: Intel(R) Core(TM) i7-7700HQ CPU @ 2.80GHz, 8 cores, 15G,  Windows 10 , 64 bit Build 19041 (10.0.19041.4957)
Time: Fri Nov 15 16:58:55 2024 Mitteleuropäische Zeit elapsed time: 9.427912 seconds (0d 0h 0m 9s)

---------------  T H R E A D  ---------------

Current thread (0x00000269ad4c8f20):  VMThread "VM Thread" [stack: 0x0000007b09200000,0x0000007b09300000] [id=41748]

Stack: [0x0000007b09200000,0x0000007b09300000]
Native frames: (J=compiled Java code, j=interpreted, Vv=VM code, C=native code)
V  [jvm.dll+0x677a5a]
V  [jvm.dll+0x7d8b2d]
V  [jvm.dll+0x7da48e]
V  [jvm.dll+0x7daaf3]
V  [jvm.dll+0x2455ff]
V  [jvm.dll+0x6749b9]
V  [jvm.dll+0x669382]
V  [jvm.dll+0x302e96]
V  [jvm.dll+0x30a416]
V  [jvm.dll+0x359cbe]
V  [jvm.dll+0x359eef]
V  [jvm.dll+0x2d9e88]
V  [jvm.dll+0x2d8295]
V  [jvm.dll+0x2d789c]
V  [jvm.dll+0x31b18b]
V  [jvm.dll+0x7df30b]
V  [jvm.dll+0x7e0044]
V  [jvm.dll+0x7e055d]
V  [jvm.dll+0x7e0934]
V  [jvm.dll+0x7e0a00]
V  [jvm.dll+0x78888a]
V  [jvm.dll+0x676935]
C  [ucrtbase.dll+0x21bb2]
C  [KERNEL32.DLL+0x17374]
C  [ntdll.dll+0x4cc91]

VM_Operation (0x0000007b08cf9240): G1CollectForAllocation, mode: safepoint, requested by thread 0x000002698a707970


---------------  P R O C E S S  ---------------

Threads class SMR info:
_java_thread_list=0x00000269f605da10, length=15, elements={
0x000002698a707970, 0x00000269ad4cdb30, 0x00000269ad4ce9b0, 0x00000269ad4e61f0,
0x00000269ad4e88e0, 0x00000269ad4eaec0, 0x00000269ad4eb490, 0x00000269ad4ef290,
0x00000269ad4fa7f0, 0x00000269ad4fe820, 0x00000269ad776590, 0x00000269ad77bcb0,
0x00000269ad4fb290, 0x00000269f36f3a00, 0x00000269f36f2ad0
}

Java Threads: ( => current thread )
  0x000002698a707970 JavaThread "main" [_thread_blocked, id=86748, stack(0x0000007b08c00000,0x0000007b08d00000)]
  0x00000269ad4cdb30 JavaThread "Reference Handler" daemon [_thread_blocked, id=13284, stack(0x0000007b09300000,0x0000007b09400000)]
  0x00000269ad4ce9b0 JavaThread "Finalizer" daemon [_thread_blocked, id=99364, stack(0x0000007b09400000,0x0000007b09500000)]
  0x00000269ad4e61f0 JavaThread "Signal Dispatcher" daemon [_thread_blocked, id=38668, stack(0x0000007b09500000,0x0000007b09600000)]
  0x00000269ad4e88e0 JavaThread "Attach Listener" daemon [_thread_blocked, id=580, stack(0x0000007b09600000,0x0000007b09700000)]
  0x00000269ad4eaec0 JavaThread "Service Thread" daemon [_thread_blocked, id=55568, stack(0x0000007b09700000,0x0000007b09800000)]
  0x00000269ad4eb490 JavaThread "Monitor Deflation Thread" daemon [_thread_blocked, id=20180, stack(0x0000007b09800000,0x0000007b09900000)]
  0x00000269ad4ef290 JavaThread "C2 CompilerThread0" daemon [_thread_in_native, id=84368, stack(0x0000007b09900000,0x0000007b09a00000)]
  0x00000269ad4fa7f0 JavaThread "C1 CompilerThread0" daemon [_thread_blocked, id=21488, stack(0x0000007b09a00000,0x0000007b09b00000)]
  0x00000269ad4fe820 JavaThread "Sweeper thread" daemon [_thread_blocked, id=51624, stack(0x0000007b09b00000,0x0000007b09c00000)]
  0x00000269ad776590 JavaThread "Notification Thread" daemon [_thread_blocked, id=3384, stack(0x0000007b09c00000,0x0000007b09d00000)]
  0x00000269ad77bcb0 JavaThread "Common-Cleaner" daemon [_thread_blocked, id=32936, stack(0x0000007b09e00000,0x0000007b09f00000)]
  0x00000269ad4fb290 JavaThread "C2 CompilerThread1" daemon [_thread_blocked, id=78732, stack(0x0000007b09f00000,0x0000007b0a000000)]
  0x00000269f36f3a00 JavaThread "timeout-check-timer" daemon [_thread_blocked, id=26984, stack(0x0000007b0ac00000,0x0000007b0ad00000)]
  0x00000269f36f2ad0 JavaThread "ping-timer-10s" daemon [_thread_blocked, id=51756, stack(0x0000007b0ad00000,0x0000007b0ae00000)]

Other Threads:
=>0x00000269ad4c8f20 VMThread "VM Thread" [stack: 0x0000007b09200000,0x0000007b09300000] [id=41748]
  0x000002698a78cac0 WatcherThread [stack: 0x0000007b09d00000,0x0000007b09e00000] [id=34484]
  0x000002698a775750 GCTaskThread "GC Thread#0" [stack: 0x0000007b08d00000,0x0000007b08e00000] [id=18724]
  0x00000269ad7ef600 GCTaskThread "GC Thread#1" [stack: 0x0000007b0a000000,0x0000007b0a100000] [id=21072]
  0x00000269f3814900 GCTaskThread "GC Thread#2" [stack: 0x0000007b0a100000,0x0000007b0a200000] [id=9184]
  0x00000269f3503470 GCTaskThread "GC Thread#3" [stack: 0x0000007b0a200000,0x0000007b0a300000] [id=14364]
  0x00000269f3503730 GCTaskThread "GC Thread#4" [stack: 0x0000007b0a300000,0x0000007b0a400000] [id=74020]
  0x00000269f35b2c60 GCTaskThread "GC Thread#5" [stack: 0x0000007b0a400000,0x0000007b0a500000] [id=46976]
  0x00000269f35b3570 GCTaskThread "GC Thread#6" [stack: 0x0000007b0a500000,0x0000007b0a600000] [id=15932]
  0x00000269f3688490 GCTaskThread "GC Thread#7" [stack: 0x0000007b0a600000,0x0000007b0a700000] [id=8888]
  0x000002698a786570 ConcurrentGCThread "G1 Main Marker" [stack: 0x0000007b08e00000,0x0000007b08f00000] [id=68164]
  0x000002698a786f80 ConcurrentGCThread "G1 Conc#0" [stack: 0x0000007b08f00000,0x0000007b09000000] [id=49432]
  0x00000269f3f2b980 ConcurrentGCThread "G1 Conc#1" [stack: 0x0000007b0a700000,0x0000007b0a800000] [id=88328]
  0x000002698a7dd7e0 ConcurrentGCThread "G1 Refine#0" [stack: 0x0000007b09000000,0x0000007b09100000] [id=105664]
  0x00000269f53ae4c0 ConcurrentGCThread "G1 Refine#1" [stack: 0x0000007b0a800000,0x0000007b0a900000] [id=84800]
  0x00000269f54d33d0 ConcurrentGCThread "G1 Refine#2" [stack: 0x0000007b0a900000,0x0000007b0aa00000] [id=81556]
  0x00000269f54e7800 ConcurrentGCThread "G1 Refine#3" [stack: 0x0000007b0aa00000,0x0000007b0ab00000] [id=57380]
  0x00000269f54b88f0 ConcurrentGCThread "G1 Refine#4" [stack: 0x0000007b0ab00000,0x0000007b0ac00000] [id=7280]
  0x000002698a7de210 ConcurrentGCThread "G1 Service" [stack: 0x0000007b09100000,0x0000007b09200000] [id=12804]

Threads with active compile tasks:
C2 CompilerThread0     9470 7963       4       org.eclipse.aether.internal.impl.collect.CachingArtifactTypeRegistry::get (43 bytes)
C2 CompilerThread1     9470 8241       4       java.nio.CharBuffer::position (8 bytes)

VM state: at safepoint (normal execution)

VM Mutex/Monitor currently owned by a thread:  ([mutex/lock_event])
[0x000002698a704b40] Threads_lock - owner thread: 0x00000269ad4c8f20
[0x000002698a704ab0] Heap_lock - owner thread: 0x000002698a707970

Heap address: 0x0000000701200000, size: 4078 MB, Compressed Oops mode: Zero based, Oop shift amount: 3

CDS archive(s) mapped at: [0x00000269ae000000-0x00000269aebd0000-0x00000269aebd0000), size 12386304, SharedBaseAddress: 0x00000269ae000000, ArchiveRelocationMode: 1.
Compressed class space mapped at: 0x00000269af000000-0x00000269ef000000, reserved size: 1073741824
Narrow klass base: 0x00000269ae000000, Narrow klass shift: 0, Narrow klass range: 0x100000000

GC Precious Log:
 CPUs: 8 total, 8 available
 Memory: 16304M
 Large Page Support: Disabled
 NUMA Support: Disabled
 Compressed Oops: Enabled (Zero based)
 Heap Region Size: 2M
 Heap Min Capacity: 8M
 Heap Initial Capacity: 256M
 Heap Max Capacity: 4078M
 Pre-touch: Disabled
 Parallel Workers: 8
 Concurrent Workers: 2
 Concurrent Refinement Workers: 8
 Periodic GC: Disabled

Heap:
 garbage-first heap   total 141312K, used 71597K [0x0000000701200000, 0x0000000800000000)
  region size 2048K, 2 young (4096K), 2 survivors (4096K)
 Metaspace       used 34842K, committed 35200K, reserved 1114112K
  class space    used 3931K, committed 4096K, reserved 1048576K

Heap Regions: E=young(eden), S=young(survivor), O=old, HS=humongous(starts), HC=humongous(continues), CS=collection set, F=free, OA=open archive, CA=closed archive, TAMS=top-at-mark-start (previous, next)
|   0|0x0000000701200000, 0x0000000701400000, 0x0000000701400000|100%| O|  |TAMS 0x0000000701400000, 0x0000000701400000| Untracked 
|   1|0x0000000701400000, 0x0000000701600000, 0x0000000701600000|100%| O|  |TAMS 0x0000000701600000, 0x0000000701600000| Untracked 
|   2|0x0000000701600000, 0x0000000701800000, 0x0000000701800000|100%| O|  |TAMS 0x0000000701800000, 0x0000000701800000| Untracked 
|   3|0x0000000701800000, 0x0000000701a00000, 0x0000000701a00000|100%|HS|  |TAMS 0x0000000701a00000, 0x0000000701a00000| Complete 
|   4|0x0000000701a00000, 0x0000000701c00000, 0x0000000701c00000|100%| O|  |TAMS 0x0000000701c00000, 0x0000000701c00000| Untracked 
|   5|0x0000000701c00000, 0x0000000701e00000, 0x0000000701e00000|100%| O|  |TAMS 0x0000000701e00000, 0x0000000701e00000| Untracked 
|   6|0x0000000701e00000, 0x0000000702000000, 0x0000000702000000|100%| O|  |TAMS 0x0000000702000000, 0x0000000702000000| Untracked 
|   7|0x0000000702000000, 0x0000000702200000, 0x0000000702200000|100%| O|  |TAMS 0x0000000702200000, 0x0000000702200000| Untracked 
|   8|0x0000000702200000, 0x0000000702400000, 0x0000000702400000|100%| O|  |TAMS 0x0000000702400000, 0x0000000702400000| Untracked 
|   9|0x0000000702400000, 0x0000000702600000, 0x0000000702600000|100%| O|  |TAMS 0x0000000702600000, 0x0000000702600000| Untracked 
|  10|0x0000000702600000, 0x00000007027c2200, 0x0000000702800000| 87%| O|  |TAMS 0x00000007027c2200, 0x00000007027c2200| Untracked 
|  11|0x0000000702800000, 0x0000000702a00000, 0x0000000702a00000|100%| O|  |TAMS 0x0000000702a00000, 0x0000000702a00000| Untracked 
|  12|0x0000000702a00000, 0x0000000702c00000, 0x0000000702c00000|100%| O|  |TAMS 0x0000000702c00000, 0x0000000702c00000| Untracked 
|  13|0x0000000702c00000, 0x0000000702e00000, 0x0000000702e00000|100%|HS|  |TAMS 0x0000000702e00000, 0x0000000702e00000| Complete 
|  14|0x0000000702e00000, 0x0000000703000000, 0x0000000703000000|100%| O|  |TAMS 0x0000000703000000, 0x0000000703000000| Untracked 
|  15|0x0000000703000000, 0x0000000703200000, 0x0000000703200000|100%| O|  |TAMS 0x0000000703200000, 0x0000000703200000| Untracked 
|  16|0x0000000703200000, 0x0000000703400000, 0x0000000703400000|100%| O|  |TAMS 0x0000000703400000, 0x0000000703400000| Untracked 
|  17|0x0000000703400000, 0x0000000703600000, 0x0000000703600000|100%| O|  |TAMS 0x0000000703600000, 0x0000000703600000| Untracked 
|  18|0x0000000703600000, 0x0000000703800000, 0x0000000703800000|100%| O|  |TAMS 0x0000000703800000, 0x0000000703800000| Untracked 
|  19|0x0000000703800000, 0x0000000703a00000, 0x0000000703a00000|100%| O|  |TAMS 0x0000000703a00000, 0x0000000703a00000| Untracked 
|  20|0x0000000703a00000, 0x0000000703a00000, 0x0000000703c00000|  0%| F|  |TAMS 0x0000000703a00000, 0x0000000703a00000| Untracked 
|  21|0x0000000703c00000, 0x0000000703c00000, 0x0000000703e00000|  0%| F|  |TAMS 0x0000000703c00000, 0x0000000703c00000| Untracked 
|  22|0x0000000703e00000, 0x0000000704000000, 0x0000000704000000|100%| O|  |TAMS 0x0000000704000000, 0x0000000704000000| Untracked 
|  23|0x0000000704000000, 0x0000000704000000, 0x0000000704200000|  0%| F|  |TAMS 0x0000000704000000, 0x0000000704000000| Untracked 
|  24|0x0000000704200000, 0x0000000704400000, 0x0000000704400000|100%| O|  |TAMS 0x0000000704400000, 0x0000000704400000| Untracked 
|  25|0x0000000704400000, 0x0000000704400000, 0x0000000704600000|  0%| F|  |TAMS 0x0000000704400000, 0x0000000704400000| Untracked 
|  26|0x0000000704600000, 0x0000000704600000, 0x0000000704800000|  0%| F|  |TAMS 0x0000000704600000, 0x0000000704600000| Untracked 
|  27|0x0000000704800000, 0x0000000704800000, 0x0000000704a00000|  0%| F|  |TAMS 0x0000000704800000, 0x0000000704800000| Untracked 
|  28|0x0000000704a00000, 0x0000000704c00000, 0x0000000704c00000|100%| O|  |TAMS 0x0000000704c00000, 0x0000000704c00000| Untracked 
|  29|0x0000000704c00000, 0x0000000704e00000, 0x0000000704e00000|100%| O|  |TAMS 0x0000000704e00000, 0x0000000704e00000| Untracked 
|  30|0x0000000704e00000, 0x0000000705000000, 0x0000000705000000|100%| O|  |TAMS 0x0000000705000000, 0x0000000705000000| Untracked 
|  31|0x0000000705000000, 0x0000000705200000, 0x0000000705200000|100%| O|  |TAMS 0x0000000705200000, 0x0000000705200000| Untracked 
|  32|0x0000000705200000, 0x0000000705400000, 0x0000000705400000|100%| O|  |TAMS 0x00000007052cd000, 0x0000000705400000| Untracked 
|  33|0x0000000705400000, 0x0000000705600000, 0x0000000705600000|100%| O|  |TAMS 0x0000000705400000, 0x0000000705600000| Untracked 
|  34|0x0000000705600000, 0x0000000705800000, 0x0000000705800000|100%| O|  |TAMS 0x0000000705600000, 0x0000000705800000| Untracked 
|  35|0x0000000705800000, 0x0000000705a00000, 0x0000000705a00000|100%| O|  |TAMS 0x0000000705800000, 0x0000000705a00000| Untracked 
|  36|0x0000000705a00000, 0x0000000705b5b200, 0x0000000705c00000| 67%| O|  |TAMS 0x0000000705a00000, 0x0000000705b5b200| Untracked 
|  37|0x0000000705c00000, 0x0000000705e00000, 0x0000000705e00000|100%| O|  |TAMS 0x0000000705c00000, 0x0000000705e00000| Untracked 
|  38|0x0000000705e00000, 0x0000000705e00000, 0x0000000706000000|  0%| F|  |TAMS 0x0000000705e00000, 0x0000000705e00000| Untracked 
|  39|0x0000000706000000, 0x0000000706000000, 0x0000000706200000|  0%| F|  |TAMS 0x0000000706000000, 0x0000000706000000| Untracked 
|  40|0x0000000706200000, 0x0000000706200000, 0x0000000706400000|  0%| F|  |TAMS 0x0000000706200000, 0x0000000706200000| Untracked 
|  41|0x0000000706400000, 0x0000000706400000, 0x0000000706600000|  0%| F|  |TAMS 0x0000000706400000, 0x0000000706400000| Untracked 
|  42|0x0000000706600000, 0x0000000706600000, 0x0000000706800000|  0%| F|  |TAMS 0x0000000706600000, 0x0000000706600000| Untracked 
|  43|0x0000000706800000, 0x0000000706800000, 0x0000000706a00000|  0%| F|  |TAMS 0x0000000706800000, 0x0000000706800000| Untracked 
|  44|0x0000000706a00000, 0x0000000706a00000, 0x0000000706c00000|  0%| F|  |TAMS 0x0000000706a00000, 0x0000000706a00000| Untracked 
|  45|0x0000000706c00000, 0x0000000706c00000, 0x0000000706e00000|  0%| F|  |TAMS 0x0000000706c00000, 0x0000000706c00000| Untracked 
|  46|0x0000000706e00000, 0x0000000706e00000, 0x0000000707000000|  0%| F|  |TAMS 0x0000000706e00000, 0x0000000706e00000| Untracked 
|  47|0x0000000707000000, 0x00000007070ce3a8, 0x0000000707200000| 40%| S|CS|TAMS 0x0000000707000000, 0x0000000707000000| Complete 
|  48|0x0000000707200000, 0x0000000707400000, 0x0000000707400000|100%| S|CS|TAMS 0x0000000707200000, 0x0000000707200000| Complete 
|  49|0x0000000707400000, 0x0000000707400000, 0x0000000707600000|  0%| F|  |TAMS 0x0000000707400000, 0x0000000707400000| Untracked 
|  50|0x0000000707600000, 0x0000000707600000, 0x0000000707800000|  0%| F|  |TAMS 0x0000000707600000, 0x0000000707600000| Untracked 
|  51|0x0000000707800000, 0x0000000707800000, 0x0000000707a00000|  0%| F|  |TAMS 0x0000000707800000, 0x0000000707800000| Untracked 
|  52|0x0000000707a00000, 0x0000000707a00000, 0x0000000707c00000|  0%| F|  |TAMS 0x0000000707a00000, 0x0000000707a00000| Untracked 
|  53|0x0000000707c00000, 0x0000000707c00000, 0x0000000707e00000|  0%| F|  |TAMS 0x0000000707c00000, 0x0000000707c00000| Untracked 
|  54|0x0000000707e00000, 0x0000000707e00000, 0x0000000708000000|  0%| F|  |TAMS 0x0000000707e00000, 0x0000000707e00000| Untracked 
|  55|0x0000000708000000, 0x0000000708000000, 0x0000000708200000|  0%| F|  |TAMS 0x0000000708000000, 0x0000000708000000| Untracked 
|  56|0x0000000708200000, 0x0000000708200000, 0x0000000708400000|  0%| F|  |TAMS 0x0000000708200000, 0x0000000708200000| Untracked 
|  57|0x0000000708400000, 0x0000000708400000, 0x0000000708600000|  0%| F|  |TAMS 0x0000000708400000, 0x0000000708400000| Untracked 
|  58|0x0000000708600000, 0x0000000708600000, 0x0000000708800000|  0%| F|  |TAMS 0x0000000708600000, 0x0000000708600000| Untracked 
|  59|0x0000000708800000, 0x0000000708800000, 0x0000000708a00000|  0%| F|  |TAMS 0x0000000708800000, 0x0000000708800000| Untracked 
|  60|0x0000000708a00000, 0x0000000708a00000, 0x0000000708c00000|  0%| F|  |TAMS 0x0000000708a00000, 0x0000000708a00000| Untracked 
|  61|0x0000000708c00000, 0x0000000708c00000, 0x0000000708e00000|  0%| F|  |TAMS 0x0000000708c00000, 0x0000000708c00000| Untracked 
|  62|0x0000000708e00000, 0x0000000708e00000, 0x0000000709000000|  0%| F|  |TAMS 0x0000000708e00000, 0x0000000708e00000| Untracked 
| 117|0x000000070fc00000, 0x000000070fc00000, 0x000000070fe00000|  0%| F|  |TAMS 0x000000070fc00000, 0x000000070fc00000| Untracked 
| 118|0x000000070fe00000, 0x000000070fe00000, 0x0000000710000000|  0%| F|  |TAMS 0x000000070fe00000, 0x000000070fe00000| Untracked 
| 119|0x0000000710000000, 0x0000000710000000, 0x0000000710200000|  0%| F|  |TAMS 0x0000000710000000, 0x0000000710000000| Untracked 
| 127|0x0000000711000000, 0x0000000711000000, 0x0000000711200000|  0%| F|  |TAMS 0x0000000711000000, 0x0000000711000000| Untracked 
|2037|0x00000007ffc00000, 0x00000007ffe00000, 0x00000007ffe00000|100%| O|  |TAMS 0x00000007ffe00000, 0x00000007ffe00000| Untracked 
|2038|0x00000007ffe00000, 0x0000000800000000, 0x0000000800000000|100%| O|  |TAMS 0x0000000800000000, 0x0000000800000000| Untracked 

Card table byte_map: [0x00000269a1af0000,0x00000269a22f0000] _byte_map_base: 0x000002699e2e7000

Marking Bits (Prev, Next): (CMBitMap*) 0x000002698a775d70, (CMBitMap*) 0x000002698a775db0
 Prev Bits: [0x00000269a2af0000, 0x00000269a6aa8000)
 Next Bits: [0x00000269a6ab0000, 0x00000269aaa68000)

Polling page: 0x0000026989ee0000

Metaspace:

Usage:
  Non-class:     30.19 MB used.
      Class:      3.84 MB used.
       Both:     34.03 MB used.

Virtual space:
  Non-class space:       64.00 MB reserved,      30.38 MB ( 47%) committed,  1 nodes.
      Class space:        1.00 GB reserved,       4.00 MB ( <1%) committed,  1 nodes.
             Both:        1.06 GB reserved,      34.38 MB (  3%) committed. 

Chunk freelists:
   Non-Class:  1.52 MB
       Class:  12.00 MB
        Both:  13.52 MB

MaxMetaspaceSize: unlimited
CompressedClassSpaceSize: 1.00 GB
Initial GC threshold: 21.00 MB
Current GC threshold: 52.62 MB
CDS: on
MetaspaceReclaimPolicy: balanced
 - commit_granule_bytes: 65536.
 - commit_granule_words: 8192.
 - virtual_space_node_default_size: 8388608.
 - enlarge_chunks_in_place: 1.
 - new_chunks_are_fully_committed: 0.
 - uncommit_free_chunks: 1.
 - use_allocation_guard: 0.
 - handle_deallocations: 1.


Internal statistics:

num_allocs_failed_limit: 5.
num_arena_births: 276.
num_arena_deaths: 0.
num_vsnodes_births: 2.
num_vsnodes_deaths: 0.
num_space_committed: 550.
num_space_uncommitted: 0.
num_chunks_returned_to_freelist: 5.
num_chunks_taken_from_freelist: 1579.
num_chunk_merges: 5.
num_chunk_splits: 1084.
num_chunks_enlarged: 822.
num_inconsistent_stats: 0.

CodeHeap 'non-profiled nmethods': size=120000Kb used=4298Kb max_used=4298Kb free=115701Kb
 bounds [0x0000026999a90000, 0x0000026999ed0000, 0x00000269a0fc0000]
CodeHeap 'profiled nmethods': size=120000Kb used=16245Kb max_used=16245Kb free=103754Kb
 bounds [0x0000026991fc0000, 0x0000026992fa0000, 0x00000269994f0000]
CodeHeap 'non-nmethods': size=5760Kb used=1243Kb max_used=1341Kb free=4516Kb
 bounds [0x00000269994f0000, 0x0000026999760000, 0x0000026999a90000]
 total_blobs=7915 nmethods=7362 adapters=465
 compilation: enabled
              stopped_count=0, restarted_count=0
 full_count=0

Compilation events (20 events):
Event: 9.403 Thread 0x00000269ad4fb290 8231       4       java.util.StringTokenizer::scanToken (179 bytes)
Event: 9.403 Thread 0x00000269ad4fa7f0 nmethod 8232 0x0000026992f97b10 code [0x0000026992f97cc0, 0x0000026992f97ef8]
Event: 9.407 Thread 0x00000269ad4fb290 nmethod 8231 0x0000026999ec1290 code [0x0000026999ec1440, 0x0000026999ec1758]
Event: 9.407 Thread 0x00000269ad4fb290 8222       4       java.lang.invoke.VarHandleGuards::guard_LI_I (78 bytes)
Event: 9.410 Thread 0x00000269ad4fa7f0 8234       3       java.util.ImmutableCollections$SetN::contains (26 bytes)
Event: 9.410 Thread 0x00000269ad4fa7f0 nmethod 8234 0x0000026992f98010 code [0x0000026992f981e0, 0x0000026992f98518]
Event: 9.413 Thread 0x00000269ad4fa7f0 8235       3       java.util.Locale::hashCode (41 bytes)
Event: 9.413 Thread 0x00000269ad4fa7f0 nmethod 8235 0x0000026992f98610 code [0x0000026992f987c0, 0x0000026992f989d8]
Event: 9.414 Thread 0x00000269ad4fa7f0 8236       3       java.io.BufferedWriter::min (9 bytes)
Event: 9.414 Thread 0x00000269ad4fa7f0 nmethod 8236 0x0000026992f98b10 code [0x0000026992f98ca0, 0x0000026992f98e18]
Event: 9.414 Thread 0x00000269ad4fa7f0 8238   !   3       java.io.BufferedWriter::write (117 bytes)
Event: 9.415 Thread 0x00000269ad4fa7f0 nmethod 8238 0x0000026992f98e90 code [0x0000026992f99080, 0x0000026992f99688]
Event: 9.415 Thread 0x00000269ad4fa7f0 8239       3       java.util.Properties::saveConvert (383 bytes)
Event: 9.417 Thread 0x00000269ad4fa7f0 nmethod 8239 0x0000026992f99a10 code [0x0000026992f99e60, 0x0000026992f9bb08]
Event: 9.417 Thread 0x00000269ad4fa7f0 8237       3       java.io.Writer::write (11 bytes)
Event: 9.417 Thread 0x00000269ad4fa7f0 nmethod 8237 0x0000026992f9c590 code [0x0000026992f9c740, 0x0000026992f9ca28]
Event: 9.417 Thread 0x00000269ad4fa7f0 8240       3       java.util.HexFormat::<init> (50 bytes)
Event: 9.418 Thread 0x00000269ad4fa7f0 nmethod 8240 0x0000026992f9cb90 code [0x0000026992f9cda0, 0x0000026992f9d4e8]
Event: 9.419 Thread 0x00000269ad4fb290 nmethod 8222 0x0000026999ec1a10 code [0x0000026999ec1be0, 0x0000026999ec2488]
Event: 9.419 Thread 0x00000269ad4fb290 8241       4       java.nio.CharBuffer::position (8 bytes)

GC Heap History (20 events):
Event: 4.133 GC heap after
{Heap after GC invocations=4 (full 0):
 garbage-first heap   total 262144K, used 27506K [0x0000000701200000, 0x0000000800000000)
  region size 2048K, 3 young (6144K), 3 survivors (6144K)
 Metaspace       used 21222K, committed 21504K, reserved 1114112K
  class space    used 2472K, committed 2624K, reserved 1048576K
}
Event: 5.108 GC heap before
{Heap before GC invocations=5 (full 0):
 garbage-first heap   total 102400K, used 78706K [0x0000000701200000, 0x0000000800000000)
  region size 2048K, 30 young (61440K), 3 survivors (6144K)
 Metaspace       used 26273K, committed 26560K, reserved 1114112K
  class space    used 3026K, committed 3136K, reserved 1048576K
}
Event: 5.124 GC heap after
{Heap after GC invocations=6 (full 0):
 garbage-first heap   total 108544K, used 44365K [0x0000000701200000, 0x0000000800000000)
  region size 2048K, 10 young (20480K), 10 survivors (20480K)
 Metaspace       used 26273K, committed 26560K, reserved 1114112K
  class space    used 3026K, committed 3136K, reserved 1048576K
}
Event: 5.862 GC heap before
{Heap before GC invocations=6 (full 0):
 garbage-first heap   total 108544K, used 73037K [0x0000000701200000, 0x0000000800000000)
  region size 2048K, 25 young (51200K), 10 survivors (20480K)
 Metaspace       used 27648K, committed 28032K, reserved 1114112K
  class space    used 3160K, committed 3328K, reserved 1048576K
}
Event: 5.881 GC heap after
{Heap after GC invocations=7 (full 0):
 garbage-first heap   total 108544K, used 48651K [0x0000000701200000, 0x0000000800000000)
  region size 2048K, 2 young (4096K), 2 survivors (4096K)
 Metaspace       used 27648K, committed 28032K, reserved 1114112K
  class space    used 3160K, committed 3328K, reserved 1048576K
}
Event: 6.388 GC heap before
{Heap before GC invocations=7 (full 0):
 garbage-first heap   total 108544K, used 77323K [0x0000000701200000, 0x0000000800000000)
  region size 2048K, 17 young (34816K), 2 survivors (4096K)
 Metaspace       used 29009K, committed 29376K, reserved 1114112K
  class space    used 3310K, committed 3456K, reserved 1048576K
}
Event: 6.400 GC heap after
{Heap after GC invocations=8 (full 0):
 garbage-first heap   total 108544K, used 48651K [0x0000000701200000, 0x0000000800000000)
  region size 2048K, 2 young (4096K), 2 survivors (4096K)
 Metaspace       used 29009K, committed 29376K, reserved 1114112K
  class space    used 3310K, committed 3456K, reserved 1048576K
}
Event: 6.800 GC heap before
{Heap before GC invocations=8 (full 0):
 garbage-first heap   total 108544K, used 81419K [0x0000000701200000, 0x0000000800000000)
  region size 2048K, 18 young (36864K), 2 survivors (4096K)
 Metaspace       used 30187K, committed 30528K, reserved 1114112K
  class space    used 3442K, committed 3584K, reserved 1048576K
}
Event: 6.810 GC heap after
{Heap after GC invocations=9 (full 0):
 garbage-first heap   total 108544K, used 49090K [0x0000000701200000, 0x0000000800000000)
  region size 2048K, 1 young (2048K), 1 survivors (2048K)
 Metaspace       used 30187K, committed 30528K, reserved 1114112K
  class space    used 3442K, committed 3584K, reserved 1048576K
}
Event: 7.371 GC heap before
{Heap before GC invocations=9 (full 0):
 garbage-first heap   total 108544K, used 71618K [0x0000000701200000, 0x0000000800000000)
  region size 2048K, 13 young (26624K), 1 survivors (2048K)
 Metaspace       used 31169K, committed 31616K, reserved 1114112K
  class space    used 3550K, committed 3776K, reserved 1048576K
}
Event: 7.384 GC heap after
{Heap after GC invocations=10 (full 0):
 garbage-first heap   total 131072K, used 51456K [0x0000000701200000, 0x0000000800000000)
  region size 2048K, 2 young (4096K), 2 survivors (4096K)
 Metaspace       used 31169K, committed 31616K, reserved 1114112K
  class space    used 3550K, committed 3776K, reserved 1048576K
}
Event: 7.876 GC heap before
{Heap before GC invocations=10 (full 0):
 garbage-first heap   total 131072K, used 96512K [0x0000000701200000, 0x0000000800000000)
  region size 2048K, 24 young (49152K), 2 survivors (4096K)
 Metaspace       used 31244K, committed 31680K, reserved 1114112K
  class space    used 3550K, committed 3776K, reserved 1048576K
}
Event: 7.893 GC heap after
{Heap after GC invocations=11 (full 0):
 garbage-first heap   total 131072K, used 76348K [0x0000000701200000, 0x0000000800000000)
  region size 2048K, 3 young (6144K), 3 survivors (6144K)
 Metaspace       used 31244K, committed 31680K, reserved 1114112K
  class space    used 3550K, committed 3776K, reserved 1048576K
}
Event: 8.287 GC heap before
{Heap before GC invocations=11 (full 0):
 garbage-first heap   total 131072K, used 98876K [0x0000000701200000, 0x0000000800000000)
  region size 2048K, 14 young (28672K), 3 survivors (6144K)
 Metaspace       used 31837K, committed 32320K, reserved 1114112K
  class space    used 3629K, committed 3840K, reserved 1048576K
}
Event: 8.294 GC heap after
{Heap after GC invocations=12 (full 0):
 garbage-first heap   total 131072K, used 79477K [0x0000000701200000, 0x0000000800000000)
  region size 2048K, 2 young (4096K), 2 survivors (4096K)
 Metaspace       used 31837K, committed 32320K, reserved 1114112K
  class space    used 3629K, committed 3840K, reserved 1048576K
}
Event: 8.841 GC heap before
{Heap before GC invocations=13 (full 0):
 garbage-first heap   total 141312K, used 102005K [0x0000000701200000, 0x0000000800000000)
  region size 2048K, 13 young (26624K), 2 survivors (4096K)
 Metaspace       used 32646K, committed 33088K, reserved 1114112K
  class space    used 3720K, committed 3968K, reserved 1048576K
}
Event: 8.846 GC heap after
{Heap after GC invocations=14 (full 0):
 garbage-first heap   total 141312K, used 79519K [0x0000000701200000, 0x0000000800000000)
  region size 2048K, 2 young (4096K), 2 survivors (4096K)
 Metaspace       used 32646K, committed 33088K, reserved 1114112K
  class space    used 3720K, committed 3968K, reserved 1048576K
}
Event: 8.860 GC heap before
{Heap before GC invocations=14 (full 0):
 garbage-first heap   total 141312K, used 81567K [0x0000000701200000, 0x0000000800000000)
  region size 2048K, 3 young (6144K), 2 survivors (4096K)
 Metaspace       used 32652K, committed 33152K, reserved 1114112K
  class space    used 3720K, committed 3968K, reserved 1048576K
}
Event: 8.866 GC heap after
{Heap after GC invocations=15 (full 0):
 garbage-first heap   total 141312K, used 69782K [0x0000000701200000, 0x0000000800000000)
  region size 2048K, 1 young (2048K), 1 survivors (2048K)
 Metaspace       used 32652K, committed 33152K, reserved 1114112K
  class space    used 3720K, committed 3968K, reserved 1048576K
}
Event: 9.419 GC heap before
{Heap before GC invocations=15 (full 0):
 garbage-first heap   total 141312K, used 104598K [0x0000000701200000, 0x0000000800000000)
  region size 2048K, 18 young (36864K), 1 survivors (2048K)
 Metaspace       used 34842K, committed 35200K, reserved 1114112K
  class space    used 3931K, committed 4096K, reserved 1048576K
}

Deoptimization events (20 events):
Event: 9.161 Thread 0x000002698a707970 Uncommon trap: trap_request=0xffffffde fr.pc=0x0000026999b71aa4 relative=0x0000000000000084
Event: 9.161 Thread 0x000002698a707970 Uncommon trap: reason=class_check action=maybe_recompile pc=0x0000026999b71aa4 method=com.google.inject.internal.MoreTypes.getRawType(Ljava/lang/reflect/Type;)Ljava/lang/Class; @ 13 c2
Event: 9.161 Thread 0x000002698a707970 DEOPT PACKING pc=0x0000026999b71aa4 sp=0x0000007b08cfda80
Event: 9.161 Thread 0x000002698a707970 DEOPT UNPACKING pc=0x00000269995423a3 sp=0x0000007b08cfda10 mode 2
Event: 9.161 Thread 0x000002698a707970 Uncommon trap: trap_request=0xffffffde fr.pc=0x0000026999b71aa4 relative=0x0000000000000084
Event: 9.161 Thread 0x000002698a707970 Uncommon trap: reason=class_check action=maybe_recompile pc=0x0000026999b71aa4 method=com.google.inject.internal.MoreTypes.getRawType(Ljava/lang/reflect/Type;)Ljava/lang/Class; @ 13 c2
Event: 9.161 Thread 0x000002698a707970 DEOPT PACKING pc=0x0000026999b71aa4 sp=0x0000007b08cfda80
Event: 9.161 Thread 0x000002698a707970 DEOPT UNPACKING pc=0x00000269995423a3 sp=0x0000007b08cfda10 mode 2
Event: 9.161 Thread 0x000002698a707970 Uncommon trap: trap_request=0xffffffde fr.pc=0x0000026999b71aa4 relative=0x0000000000000084
Event: 9.161 Thread 0x000002698a707970 Uncommon trap: reason=class_check action=maybe_recompile pc=0x0000026999b71aa4 method=com.google.inject.internal.MoreTypes.getRawType(Ljava/lang/reflect/Type;)Ljava/lang/Class; @ 13 c2
Event: 9.161 Thread 0x000002698a707970 DEOPT PACKING pc=0x0000026999b71aa4 sp=0x0000007b08cfda80
Event: 9.161 Thread 0x000002698a707970 DEOPT UNPACKING pc=0x00000269995423a3 sp=0x0000007b08cfda10 mode 2
Event: 9.203 Thread 0x000002698a707970 Uncommon trap: trap_request=0xffffff45 fr.pc=0x0000026999cd2698 relative=0x0000000000000a98
Event: 9.203 Thread 0x000002698a707970 Uncommon trap: reason=unstable_if action=reinterpret pc=0x0000026999cd2698 method=org.codehaus.plexus.classworlds.realm.Entry.matches(Ljava/lang/String;)Z @ 20 c2
Event: 9.203 Thread 0x000002698a707970 DEOPT PACKING pc=0x0000026999cd2698 sp=0x0000007b08cfd880
Event: 9.203 Thread 0x000002698a707970 DEOPT UNPACKING pc=0x00000269995423a3 sp=0x0000007b08cfd848 mode 2
Event: 9.406 Thread 0x000002698a707970 Uncommon trap: trap_request=0xffffff45 fr.pc=0x0000026999d8476c relative=0x000000000000024c
Event: 9.406 Thread 0x000002698a707970 Uncommon trap: reason=unstable_if action=reinterpret pc=0x0000026999d8476c method=java.lang.StringLatin1.lastIndexOf([BI[BII)I @ 86 c2
Event: 9.406 Thread 0x000002698a707970 DEOPT PACKING pc=0x0000026999d8476c sp=0x0000007b08cfca70
Event: 9.406 Thread 0x000002698a707970 DEOPT UNPACKING pc=0x00000269995423a3 sp=0x0000007b08cfc8b8 mode 2

Classes unloaded (0 events):
No events

Classes redefined (0 events):
No events

Internal exceptions (20 events):
Event: 8.689 Thread 0x000002698a707970 Exception <a 'sun/nio/fs/WindowsException'{0x0000000708933bd0}> (0x0000000708933bd0) 
thrown [s\open\src\hotspot\share\prims\jni.cpp, line 516]
Event: 8.691 Thread 0x000002698a707970 Exception <a 'sun/nio/fs/WindowsException'{0x0000000708955d68}> (0x0000000708955d68) 
thrown [s\open\src\hotspot\share\prims\jni.cpp, line 516]
Event: 8.691 Thread 0x000002698a707970 Exception <a 'sun/nio/fs/WindowsException'{0x0000000708956128}> (0x0000000708956128) 
thrown [s\open\src\hotspot\share\prims\jni.cpp, line 516]
Event: 8.692 Thread 0x000002698a707970 Exception <a 'sun/nio/fs/WindowsException'{0x0000000708957140}> (0x0000000708957140) 
thrown [s\open\src\hotspot\share\prims\jni.cpp, line 516]
Event: 8.692 Thread 0x000002698a707970 Exception <a 'sun/nio/fs/WindowsException'{0x00000007089575c0}> (0x00000007089575c0) 
thrown [s\open\src\hotspot\share\prims\jni.cpp, line 516]
Event: 8.692 Thread 0x000002698a707970 Exception <a 'sun/nio/fs/WindowsException'{0x00000007089586a0}> (0x00000007089586a0) 
thrown [s\open\src\hotspot\share\prims\jni.cpp, line 516]
Event: 8.692 Thread 0x000002698a707970 Exception <a 'sun/nio/fs/WindowsException'{0x0000000708958a88}> (0x0000000708958a88) 
thrown [s\open\src\hotspot\share\prims\jni.cpp, line 516]
Event: 8.697 Thread 0x000002698a707970 Exception <a 'sun/nio/fs/WindowsException'{0x000000070863f350}> (0x000000070863f350) 
thrown [s\open\src\hotspot\share\prims\jni.cpp, line 516]
Event: 8.700 Thread 0x000002698a707970 Exception <a 'sun/nio/fs/WindowsException'{0x0000000708658f38}> (0x0000000708658f38) 
thrown [s\open\src\hotspot\share\prims\jni.cpp, line 516]
Event: 8.705 Thread 0x000002698a707970 Exception <a 'sun/nio/fs/WindowsException'{0x0000000708675440}> (0x0000000708675440) 
thrown [s\open\src\hotspot\share\prims\jni.cpp, line 516]
Event: 8.705 Thread 0x000002698a707970 Exception <a 'sun/nio/fs/WindowsException'{0x0000000708675bd8}> (0x0000000708675bd8) 
thrown [s\open\src\hotspot\share\prims\jni.cpp, line 516]
Event: 8.705 Thread 0x000002698a707970 Exception <a 'sun/nio/fs/WindowsException'{0x0000000708676198}> (0x0000000708676198) 
thrown [s\open\src\hotspot\share\prims\jni.cpp, line 516]
Event: 8.705 Thread 0x000002698a707970 Exception <a 'sun/nio/fs/WindowsException'{0x0000000708676910}> (0x0000000708676910) 
thrown [s\open\src\hotspot\share\prims\jni.cpp, line 516]
Event: 8.705 Thread 0x000002698a707970 Exception <a 'sun/nio/fs/WindowsException'{0x0000000708676ca0}> (0x0000000708676ca0) 
thrown [s\open\src\hotspot\share\prims\jni.cpp, line 516]
Event: 8.705 Thread 0x000002698a707970 Exception <a 'sun/nio/fs/WindowsException'{0x0000000708677990}> (0x0000000708677990) 
thrown [s\open\src\hotspot\share\prims\jni.cpp, line 516]
Event: 8.821 Thread 0x000002698a707970 Implicit null exception at 0x0000026999cb3b4b to 0x0000026999cb9050
Event: 9.167 Thread 0x00000269f36f2ad0 Exception <a 'java/lang/NoSuchMethodError'{0x0000000707ee6d80}: 'java.lang.Object java.lang.invoke.DirectMethodHandle$Holder.invokeStaticInit(java.lang.Object, java.lang.Object, long, java.lang.Object)'> (0x0000000707ee6d80) 
thrown [s\open\src\hotspot\share\interpreter\linkResolver.cpp, line 759]
Event: 9.168 Thread 0x00000269f36f2ad0 Exception <a 'java/lang/NoSuchMethodError'{0x0000000707eed4c0}: 'java.lang.Object java.lang.invoke.DirectMethodHandle$Holder.newInvokeSpecial(java.lang.Object, java.lang.Object, long)'> (0x0000000707eed4c0) 
thrown [s\open\src\hotspot\share\interpreter\linkResolver.cpp, line 759]
Event: 9.169 Thread 0x00000269f36f2ad0 Exception <a 'java/lang/NoSuchMethodError'{0x0000000707ef1030}: 'java.lang.Object java.lang.invoke.Invokers$Holder.linkToTargetMethod(java.lang.Object, long, java.lang.Object)'> (0x0000000707ef1030) 
thrown [s\open\src\hotspot\share\interpreter\linkResolver.cpp, line 759]
Event: 9.280 Thread 0x000002698a707970 Exception <a 'java/lang/NoSuchMethodError'{0x0000000707aadf30}: 'java.lang.Object java.lang.invoke.DirectMethodHandle$Holder.invokeStaticInit(java.lang.Object, java.lang.Object, int, int, int, int)'> (0x0000000707aadf30) 
thrown [s\open\src\hotspot\share\interpreter\linkResolver.cpp, line 759]

VM Operations (20 events):
Event: 8.294 Executing VM operation: G1CollectForAllocation done
Event: 8.354 Executing VM operation: G1Concurrent
Event: 8.360 Executing VM operation: G1Concurrent done
Event: 8.388 Executing VM operation: G1Concurrent
Event: 8.388 Executing VM operation: G1Concurrent done
Event: 8.685 Executing VM operation: HandshakeAllThreads
Event: 8.685 Executing VM operation: HandshakeAllThreads done
Event: 8.841 Executing VM operation: G1CollectForAllocation
Event: 8.846 Executing VM operation: G1CollectForAllocation done
Event: 8.860 Executing VM operation: G1CollectForAllocation
Event: 8.866 Executing VM operation: G1CollectForAllocation done
Event: 9.154 Executing VM operation: HandshakeAllThreads
Event: 9.154 Executing VM operation: HandshakeAllThreads done
Event: 9.159 Executing VM operation: HandshakeAllThreads
Event: 9.159 Executing VM operation: HandshakeAllThreads done
Event: 9.174 Executing VM operation: HandshakeAllThreads
Event: 9.174 Executing VM operation: HandshakeAllThreads done
Event: 9.227 Executing VM operation: HandshakeAllThreads
Event: 9.227 Executing VM operation: HandshakeAllThreads done
Event: 9.419 Executing VM operation: G1CollectForAllocation

Events (20 events):
Event: 9.403 loading class sun/util/locale/provider/BaseLocaleDataMetaInfo
Event: 9.403 loading class sun/util/locale/provider/BaseLocaleDataMetaInfo done
Event: 9.404 loading class sun/util/resources/cldr/TimeZoneNames
Event: 9.404 loading class sun/util/resources/TimeZoneNamesBundle
Event: 9.404 loading class sun/util/resources/OpenListResourceBundle
Event: 9.405 loading class sun/util/resources/OpenListResourceBundle done
Event: 9.405 loading class sun/util/resources/TimeZoneNamesBundle done
Event: 9.405 loading class sun/util/resources/cldr/TimeZoneNames done
Event: 9.405 loading class sun/util/resources/cldr/TimeZoneNames_en
Event: 9.406 loading class sun/util/resources/cldr/TimeZoneNames_en done
Event: 9.406 loading class sun/util/resources/cldr/TimeZoneNames_en_US
Event: 9.406 loading class sun/util/resources/cldr/TimeZoneNames_en_US done
Event: 9.407 loading class sun/util/cldr/CLDRBaseLocaleDataMetaInfo$TZCanonicalIDMapHolder
Event: 9.408 loading class sun/util/cldr/CLDRBaseLocaleDataMetaInfo$TZCanonicalIDMapHolder done
Event: 9.410 loading class sun/util/resources/TimeZoneNames
Event: 9.411 loading class sun/util/resources/TimeZoneNames done
Event: 9.411 loading class sun/util/resources/TimeZoneNames_en
Event: 9.411 loading class sun/util/resources/TimeZoneNames_en done
Event: 9.417 loading class java/io/FileOutputStream$1
Event: 9.417 loading class java/io/FileOutputStream$1 done


Dynamic libraries:
0x00007ff7cb290000 - 0x00007ff7cb2a0000 	C:\Program Files\Java\jdk-17\bin\java.exe
0x00007ff80bb50000 - 0x00007ff80bd48000 	C:\WINDOWS\SYSTEM32\ntdll.dll
0x00007ff80a480000 - 0x00007ff80a542000 	C:\WINDOWS\System32\KERNEL32.DLL
0x00007ff8091f0000 - 0x00007ff8094ee000 	C:\WINDOWS\System32\KERNELBASE.dll
0x00007ff8099c0000 - 0x00007ff809ac0000 	C:\WINDOWS\System32\ucrtbase.dll
0x00007ff803640000 - 0x00007ff803659000 	C:\Program Files\Java\jdk-17\bin\jli.dll
0x00007ff801990000 - 0x00007ff8019ab000 	C:\Program Files\Java\jdk-17\bin\VCRUNTIME140.dll
0x00007ff80ac10000 - 0x00007ff80acc2000 	C:\WINDOWS\System32\ADVAPI32.dll
0x00007ff80acd0000 - 0x00007ff80ad6e000 	C:\WINDOWS\System32\msvcrt.dll
0x00007ff80a030000 - 0x00007ff80a0d0000 	C:\WINDOWS\System32\sechost.dll
0x00007ff809d20000 - 0x00007ff809e43000 	C:\WINDOWS\System32\RPCRT4.dll
0x00007ff809750000 - 0x00007ff809777000 	C:\WINDOWS\System32\bcrypt.dll
0x00007ff809b70000 - 0x00007ff809d0d000 	C:\WINDOWS\System32\USER32.dll
0x00007ff809720000 - 0x00007ff809742000 	C:\WINDOWS\System32\win32u.dll
0x00007fffeabe0000 - 0x00007fffeae7a000 	C:\WINDOWS\WinSxS\amd64_microsoft.windows.common-controls_6595b64144ccf1df_6.0.19041.4355_none_60b8b9eb71f62e16\COMCTL32.dll
0x00007ff80abe0000 - 0x00007ff80ac0b000 	C:\WINDOWS\System32\GDI32.dll
0x00007ff809600000 - 0x00007ff809717000 	C:\WINDOWS\System32\gdi32full.dll
0x00007ff8094f0000 - 0x00007ff80958d000 	C:\WINDOWS\System32\msvcp_win.dll
0x00007ff804f60000 - 0x00007ff804f6a000 	C:\WINDOWS\SYSTEM32\VERSION.dll
0x00007ff809ec0000 - 0x00007ff809eef000 	C:\WINDOWS\System32\IMM32.DLL
0x00007ff803e20000 - 0x00007ff803e2c000 	C:\Program Files\Java\jdk-17\bin\vcruntime140_1.dll
0x00007fffdfd00000 - 0x00007fffdfd8e000 	C:\Program Files\Java\jdk-17\bin\msvcp140.dll
0x00007fffb76c0000 - 0x00007fffb829f000 	C:\Program Files\Java\jdk-17\bin\server\jvm.dll
0x00007ff809d10000 - 0x00007ff809d18000 	C:\WINDOWS\System32\PSAPI.DLL
0x00007fffeeec0000 - 0x00007fffeeec9000 	C:\WINDOWS\SYSTEM32\WSOCK32.dll
0x00007ffffd5b0000 - 0x00007ffffd5d7000 	C:\WINDOWS\SYSTEM32\WINMM.dll
0x00007ff809e50000 - 0x00007ff809ebb000 	C:\WINDOWS\System32\WS2_32.dll
0x00007ff807a10000 - 0x00007ff807a22000 	C:\WINDOWS\SYSTEM32\kernel.appcore.dll
0x00007ff803630000 - 0x00007ff80363a000 	C:\Program Files\Java\jdk-17\bin\jimage.dll
0x00007fffff870000 - 0x00007fffffa54000 	C:\WINDOWS\SYSTEM32\DBGHELP.DLL
0x00007ff800140000 - 0x00007ff800174000 	C:\WINDOWS\SYSTEM32\dbgcore.DLL
0x00007ff809780000 - 0x00007ff809802000 	C:\WINDOWS\System32\bcryptPrimitives.dll
0x00007ff801840000 - 0x00007ff801865000 	C:\Program Files\Java\jdk-17\bin\java.dll
0x00007fffd3210000 - 0x00007fffd32e7000 	C:\Program Files\Java\jdk-17\bin\jsvml.dll
0x00007ff80ad70000 - 0x00007ff80b4df000 	C:\WINDOWS\System32\SHELL32.dll
0x00007ff807190000 - 0x00007ff807934000 	C:\WINDOWS\SYSTEM32\windows.storage.dll
0x00007ff80b6b0000 - 0x00007ff80ba03000 	C:\WINDOWS\System32\combase.dll
0x00007ff808c20000 - 0x00007ff808c4e000 	C:\WINDOWS\SYSTEM32\Wldp.dll
0x00007ff80a640000 - 0x00007ff80a70d000 	C:\WINDOWS\System32\OLEAUT32.dll
0x00007ff809ef0000 - 0x00007ff809f9d000 	C:\WINDOWS\System32\SHCORE.dll
0x00007ff80a0d0000 - 0x00007ff80a125000 	C:\WINDOWS\System32\shlwapi.dll
0x00007ff809120000 - 0x00007ff809144000 	C:\WINDOWS\SYSTEM32\profapi.dll
0x00007ff801730000 - 0x00007ff801749000 	C:\Program Files\Java\jdk-17\bin\net.dll
0x00007ff8004d0000 - 0x00007ff8005dd000 	C:\WINDOWS\SYSTEM32\WINHTTP.dll
0x00007ff808980000 - 0x00007ff8089ea000 	C:\WINDOWS\system32\mswsock.dll
0x00007ff801710000 - 0x00007ff801726000 	C:\Program Files\Java\jdk-17\bin\nio.dll
0x00007ff8016d0000 - 0x00007ff8016e8000 	C:\Program Files\Java\jdk-17\bin\zip.dll
0x0000000069ac0000 - 0x0000000069ae4000 	C:\Program Files\Apache Maven\lib\jansi-native\Windows\x86_64\jansi.dll
0x00007ff804870000 - 0x00007ff804880000 	C:\Program Files\Java\jdk-17\bin\verify.dll
0x00007ff808b80000 - 0x00007ff808b98000 	C:\WINDOWS\SYSTEM32\CRYPTSP.dll
0x00007ff808230000 - 0x00007ff808264000 	C:\WINDOWS\system32\rsaenh.dll
0x00007ff8090e0000 - 0x00007ff80910e000 	C:\WINDOWS\SYSTEM32\USERENV.dll
0x00007ff808b70000 - 0x00007ff808b7c000 	C:\WINDOWS\SYSTEM32\CRYPTBASE.dll
0x00007ff808610000 - 0x00007ff80864b000 	C:\WINDOWS\SYSTEM32\IPHLPAPI.DLL
0x00007ff80a130000 - 0x00007ff80a138000 	C:\WINDOWS\System32\NSI.dll
0x00007ff800aa0000 - 0x00007ff800ab7000 	C:\WINDOWS\SYSTEM32\dhcpcsvc6.DLL
0x00007ff801050000 - 0x00007ff80106d000 	C:\WINDOWS\SYSTEM32\dhcpcsvc.DLL
0x00007ff808660000 - 0x00007ff80872a000 	C:\WINDOWS\SYSTEM32\DNSAPI.dll

dbghelp: loaded successfully - version: 4.0.5 - missing functions: none
symbol engine: initialized successfully - sym options: 0x614 - pdb path: .;C:\Program Files\Java\jdk-17\bin;C:\WINDOWS\SYSTEM32;C:\WINDOWS\WinSxS\amd64_microsoft.windows.common-controls_6595b64144ccf1df_6.0.19041.4355_none_60b8b9eb71f62e16;C:\Program Files\Java\jdk-17\bin\server;C:\Program Files\Apache Maven\lib\jansi-native\Windows\x86_64

VM Arguments:
jvm_args: -Dclassworlds.conf=C:\Program Files\Apache Maven\bin\m2.conf -Dmaven.home=C:\Program Files\Apache Maven -Dlibrary.jansi.path=C:\Program Files\Apache Maven\lib\jansi-native -Dmaven.multiModuleProjectDirectory=C:\Users\solya\RentifyToolsProject\Project-RentifyTools-Backend\rentify-tools 
java_command: org.codehaus.plexus.classworlds.launcher.Launcher clean install
java_class_path (initial): C:\Program Files\Apache Maven\boot\plexus-classworlds-2.7.0.jar
Launcher Type: SUN_STANDARD

[Global flags]
     intx CICompilerCount                          = 4                                         {product} {ergonomic}
     uint ConcGCThreads                            = 2                                         {product} {ergonomic}
     uint G1ConcRefinementThreads                  = 8                                         {product} {ergonomic}
   size_t G1HeapRegionSize                         = 2097152                                   {product} {ergonomic}
    uintx GCDrainStackTargetSize                   = 64                                        {product} {ergonomic}
   size_t InitialHeapSize                          = 268435456                                 {product} {ergonomic}
   size_t MarkStackSize                            = 4194304                                   {product} {ergonomic}
   size_t MaxHeapSize                              = 4276092928                                {product} {ergonomic}
   size_t MaxNewSize                               = 2564816896                                {product} {ergonomic}
   size_t MinHeapDeltaBytes                        = 2097152                                   {product} {ergonomic}
   size_t MinHeapSize                              = 8388608                                   {product} {ergonomic}
    uintx NonNMethodCodeHeapSize                   = 5839372                                {pd product} {ergonomic}
    uintx NonProfiledCodeHeapSize                  = 122909434                              {pd product} {ergonomic}
    uintx ProfiledCodeHeapSize                     = 122909434                              {pd product} {ergonomic}
    uintx ReservedCodeCacheSize                    = 251658240                              {pd product} {ergonomic}
     bool SegmentedCodeCache                       = true                                      {product} {ergonomic}
   size_t SoftMaxHeapSize                          = 4276092928                             {manageable} {ergonomic}
     bool UseCompressedClassPointers               = true                           {product lp64_product} {ergonomic}
     bool UseCompressedOops                        = true                           {product lp64_product} {ergonomic}
     bool UseG1GC                                  = true                                      {product} {ergonomic}
     bool UseLargePagesIndividualAllocation        = false                                  {pd product} {ergonomic}

Logging:
Log output configuration:
 #0: stdout all=warning uptime,level,tags
 #1: stderr all=off uptime,level,tags

Environment Variables:
JAVA_HOME=C:\Program Files\Java\jdk-17
PATH=C:\Python312\Scripts\;C:\Python312\;C:\Program Files\Common Files\Oracle\Java\javapath;C:\Program Files (x86)\Intel\iCLS Client\;C:\Program Files\Intel\iCLS Client\;C:\Windows\system32;C:\Windows;C:\Windows\System32\Wbem;C:\Windows\System32\WindowsPowerShell\v1.0\;C:\Program Files (x86)\NVIDIA Corporation\PhysX\Common;C:\Program Files (x86)\Intel\Intel(R) Management Engine Components\DAL;C:\Program Files\Intel\Intel(R) Management Engine Components\DAL;C:\Program Files (x86)\Intel\Intel(R) Management Engine Components\IPT;C:\Program Files\Intel\Intel(R) Management Engine Components\IPT;C:\Program Files\Intel\WiFi\bin\;C:\Program Files\Common Files\Intel\WirelessCommon\;C:\WINDOWS\system32;C:\WINDOWS;C:\WINDOWS\System32\Wbem;C:\WINDOWS\System32\WindowsPowerShell\v1.0\;C:\WINDOWS\System32\OpenSSH\;C:\Program Files\NVIDIA Corporation\NVIDIA NvDLISR;C:\Program Files\Java\jdk-17\bin;C:\Program Files\Apache Maven\bin;C:\Program Files\nodejs\;C:\ProgramData\chocolatey\bin;C:\Program Files\Git\cmd;C:\Users\solya\AppData\Local\Microsoft\WindowsApps;C:\Program Files\Intel\WiFi\bin\;C:\Program Files\Common Files\Intel\WirelessCommon\;C:\Users\solya\AppData\Local\GitHubDesktop\bin;C:\Users\solya\AppData\Local\Programs\Microsoft VS Code\bin;C:\Users\solya\AppData\Roaming\npm
USERNAME=solya
OS=Windows_NT
PROCESSOR_IDENTIFIER=Intel64 Family 6 Model 158 Stepping 9, GenuineIntel



---------------  S Y S T E M  ---------------

OS:
 Windows 10 , 64 bit Build 19041 (10.0.19041.4957)
OS uptime: 37 days 9:05 hours

CPU: total 8 (initial active 8) (4 cores per cpu, 2 threads per core) family 6 model 158 stepping 9 microcode 0xb4, cx8, cmov, fxsr, ht, mmx, 3dnowpref, sse, sse2, sse3, ssse3, sse4.1, sse4.2, popcnt, lzcnt, tsc, tscinvbit, avx, avx2, aes, erms, clmul, bmi1, bmi2, adx, fma, vzeroupper, clflush, clflushopt

Memory: 4k page, system-wide physical 16304M (395M free)
TotalPageFile size 45964M (AvailPageFile size 75M)
current process WorkingSet (physical memory assigned to process): 305M, peak: 306M
current process commit charge ("private bytes"): 337M, peak: 445M

vm_info: Java HotSpot(TM) 64-Bit Server VM (17.0.10+11-LTS-240) for windows-amd64 JRE (17.0.10+11-LTS-240), built on Dec 19 2023 21:47:25 by "mach5one" with MS VC++ 17.1 (VS2022)

END.
