#
# There is insufficient memory for the Java Runtime Environment to continue.
# Native memory allocation (mmap) failed to map 268435456 bytes for G1 virtual space
# Possible reasons:
#   The system is out of physical RAM or swap space
#   The process is running with CompressedOops enabled, and the Java Heap may be blocking the growth of the native heap
# Possible solutions:
#   Reduce memory load on the system
#   Increase physical memory or swap space
#   Check if swap backing store is full
#   Decrease Java heap size (-Xmx/-Xms)
#   Decrease number of Java threads
#   Decrease Java thread stack sizes (-Xss)
#   Set larger code cache with -XX:ReservedCodeCacheSize=
#   JVM is running with Zero Based Compressed Oops mode in which the Java heap is
#     placed in the first 32GB address space. The Java Heap base address is the
#     maximum limit for the native heap growth. Please use -XX:HeapBaseMinAddress
#     to set the Java Heap base and to place the Java Heap above 32GB virtual address.
# This output file may be truncated or incomplete.
#
#  Out of Memory Error (os_windows.cpp:3548), pid=38216, tid=22500
#
# JRE version:  (17.0.10+11) (build )
# Java VM: Java HotSpot(TM) 64-Bit Server VM (17.0.10+11-LTS-240, mixed mode, sharing, tiered, compressed oops, compressed class ptrs, g1 gc, windows-amd64)
# No core dump will be written. Minidumps are not enabled by default on client versions of Windows
#

---------------  S U M M A R Y ------------

Command Line: C:\Users\solya\AppData\Local\Temp\surefire10951680827773508690\surefirebooter-20241115164922036_3.jar C:\Users\solya\AppData\Local\Temp\surefire10951680827773508690 2024-11-15T16-49-21_867-jvmRun1 surefire-20241115164922036_1tmp surefire_0-20241115164922036_2tmp

Host: Intel(R) Core(TM) i7-7700HQ CPU @ 2.80GHz, 8 cores, 15G,  Windows 10 , 64 bit Build 19041 (10.0.19041.4957)
Time: Fri Nov 15 16:49:22 2024 Mitteleuropäische Zeit elapsed time: 0.013758 seconds (0d 0h 0m 0s)

---------------  T H R E A D  ---------------

Current thread (0x0000026493386100):  JavaThread "Unknown thread" [_thread_in_vm, id=22500, stack(0x000000963f300000,0x000000963f400000)]

Stack: [0x000000963f300000,0x000000963f400000]
Native frames: (J=compiled Java code, j=interpreted, Vv=VM code, C=native code)
V  [jvm.dll+0x677a5a]
V  [jvm.dll+0x7d8b2d]
V  [jvm.dll+0x7da48e]
V  [jvm.dll+0x7daaf3]
V  [jvm.dll+0x2455ff]
V  [jvm.dll+0x6749b9]
V  [jvm.dll+0x669382]
V  [jvm.dll+0x302e96]
V  [jvm.dll+0x30a416]
V  [jvm.dll+0x359cbe]
V  [jvm.dll+0x359eef]
V  [jvm.dll+0x2d9e88]
V  [jvm.dll+0x2dadf4]
V  [jvm.dll+0x7aa551]
V  [jvm.dll+0x367911]
V  [jvm.dll+0x789639]
V  [jvm.dll+0x3eb30f]
V  [jvm.dll+0x3ecd91]
C  [jli.dll+0x5297]
C  [ucrtbase.dll+0x21bb2]
C  [KERNEL32.DLL+0x17374]
C  [ntdll.dll+0x4cc91]


---------------  P R O C E S S  ---------------

Threads class SMR info:
_java_thread_list=0x00007fffb8176a18, length=0, elements={
}

Java Threads: ( => current thread )

Other Threads:
  0x00000264933f2e80 GCTaskThread "GC Thread#0" [stack: 0x000000963f400000,0x000000963f500000] [id=76556]
  0x0000026493405cc0 ConcurrentGCThread "G1 Main Marker" [stack: 0x000000963f500000,0x000000963f600000] [id=24572]
  0x0000026493406e70 ConcurrentGCThread "G1 Conc#0" [stack: 0x000000963f600000,0x000000963f700000] [id=37096]

[error occurred during error reporting (printing all threads), id 0xc0000005, EXCEPTION_ACCESS_VIOLATION (0xc0000005) at pc=0x00007fffb79aaae7]

VM state: not at safepoint (not fully initialized)

VM Mutex/Monitor currently owned by a thread:  ([mutex/lock_event])
[0x0000026493381d40] Heap_lock - owner thread: 0x0000026493386100

Heap address: 0x0000000701200000, size: 4078 MB, Compressed Oops mode: Zero based, Oop shift amount: 3

CDS archive(s) mapped at: [0x0000000000000000-0x0000000000000000-0x0000000000000000), size 0, SharedBaseAddress: 0x0000000800000000, ArchiveRelocationMode: 1.
Narrow klass base: 0x0000000000000000, Narrow klass shift: 0, Narrow klass range: 0x0

GC Precious Log:
<Empty>

Heap:
 garbage-first heap   total 0K, used 0K [0x0000000701200000, 0x0000000800000000)
  region size 2048K, 0 young (0K), 0 survivors (0K)

[error occurred during error reporting (printing heap information), id 0xc0000005, EXCEPTION_ACCESS_VIOLATION (0xc0000005) at pc=0x00007fffb7d91249]

GC Heap History (0 events):
No events

Deoptimization events (0 events):
No events

Classes unloaded (0 events):
No events

Classes redefined (0 events):
No events

Internal exceptions (0 events):
No events

VM Operations (0 events):
No events

Events (1 events):
Event: 0.007 Loaded shared library C:\Program Files\Java\jdk-17\bin\java.dll


Dynamic libraries:
0x00007ff7cb290000 - 0x00007ff7cb2a0000 	C:\Program Files\Java\jdk-17\bin\java.exe
0x00007ff80bb50000 - 0x00007ff80bd48000 	C:\WINDOWS\SYSTEM32\ntdll.dll
0x00007ff80a480000 - 0x00007ff80a542000 	C:\WINDOWS\System32\KERNEL32.DLL
0x00007ff8091f0000 - 0x00007ff8094ee000 	C:\WINDOWS\System32\KERNELBASE.dll
0x00007ff8099c0000 - 0x00007ff809ac0000 	C:\WINDOWS\System32\ucrtbase.dll
0x00007ff801990000 - 0x00007ff8019ab000 	C:\Program Files\Java\jdk-17\bin\VCRUNTIME140.dll
0x00007ff803640000 - 0x00007ff803659000 	C:\Program Files\Java\jdk-17\bin\jli.dll
0x00007ff80ac10000 - 0x00007ff80acc2000 	C:\WINDOWS\System32\ADVAPI32.dll
0x00007ff80acd0000 - 0x00007ff80ad6e000 	C:\WINDOWS\System32\msvcrt.dll
0x00007ff80a030000 - 0x00007ff80a0d0000 	C:\WINDOWS\System32\sechost.dll
0x00007ff809d20000 - 0x00007ff809e43000 	C:\WINDOWS\System32\RPCRT4.dll
0x00007ff809750000 - 0x00007ff809777000 	C:\WINDOWS\System32\bcrypt.dll
0x00007ff809b70000 - 0x00007ff809d0d000 	C:\WINDOWS\System32\USER32.dll
0x00007ff809720000 - 0x00007ff809742000 	C:\WINDOWS\System32\win32u.dll
0x00007fffeabe0000 - 0x00007fffeae7a000 	C:\WINDOWS\WinSxS\amd64_microsoft.windows.common-controls_6595b64144ccf1df_6.0.19041.4355_none_60b8b9eb71f62e16\COMCTL32.dll
0x00007ff80abe0000 - 0x00007ff80ac0b000 	C:\WINDOWS\System32\GDI32.dll
0x00007ff809600000 - 0x00007ff809717000 	C:\WINDOWS\System32\gdi32full.dll
0x00007ff8094f0000 - 0x00007ff80958d000 	C:\WINDOWS\System32\msvcp_win.dll
0x00007ff804f60000 - 0x00007ff804f6a000 	C:\WINDOWS\SYSTEM32\VERSION.dll
0x00007ff809ec0000 - 0x00007ff809eef000 	C:\WINDOWS\System32\IMM32.DLL
0x00007ff803e20000 - 0x00007ff803e2c000 	C:\Program Files\Java\jdk-17\bin\vcruntime140_1.dll
0x00007fffdfd00000 - 0x00007fffdfd8e000 	C:\Program Files\Java\jdk-17\bin\msvcp140.dll
0x00007fffb76c0000 - 0x00007fffb829f000 	C:\Program Files\Java\jdk-17\bin\server\jvm.dll
0x00007ff809d10000 - 0x00007ff809d18000 	C:\WINDOWS\System32\PSAPI.DLL
0x00007fffeeec0000 - 0x00007fffeeec9000 	C:\WINDOWS\SYSTEM32\WSOCK32.dll
0x00007ffffd5b0000 - 0x00007ffffd5d7000 	C:\WINDOWS\SYSTEM32\WINMM.dll
0x00007ff809e50000 - 0x00007ff809ebb000 	C:\WINDOWS\System32\WS2_32.dll
0x00007ff807a10000 - 0x00007ff807a22000 	C:\WINDOWS\SYSTEM32\kernel.appcore.dll
0x00007ff803630000 - 0x00007ff80363a000 	C:\Program Files\Java\jdk-17\bin\jimage.dll
0x00007fffff870000 - 0x00007fffffa54000 	C:\WINDOWS\SYSTEM32\DBGHELP.DLL
0x00007ff800140000 - 0x00007ff800174000 	C:\WINDOWS\SYSTEM32\dbgcore.DLL
0x00007ff809780000 - 0x00007ff809802000 	C:\WINDOWS\System32\bcryptPrimitives.dll
0x00007ff801840000 - 0x00007ff801865000 	C:\Program Files\Java\jdk-17\bin\java.dll

dbghelp: loaded successfully - version: 4.0.5 - missing functions: none
symbol engine: initialized successfully - sym options: 0x614 - pdb path: .;C:\Program Files\Java\jdk-17\bin;C:\WINDOWS\SYSTEM32;C:\WINDOWS\WinSxS\amd64_microsoft.windows.common-controls_6595b64144ccf1df_6.0.19041.4355_none_60b8b9eb71f62e16;C:\Program Files\Java\jdk-17\bin\server

VM Arguments:
java_command: C:\Users\solya\AppData\Local\Temp\surefire10951680827773508690\surefirebooter-20241115164922036_3.jar C:\Users\solya\AppData\Local\Temp\surefire10951680827773508690 2024-11-15T16-49-21_867-jvmRun1 surefire-20241115164922036_1tmp surefire_0-20241115164922036_2tmp
java_class_path (initial): C:\Users\solya\AppData\Local\Temp\surefire10951680827773508690\surefirebooter-20241115164922036_3.jar
Launcher Type: SUN_STANDARD

[Global flags]
     intx CICompilerCount                          = 4                                         {product} {ergonomic}
     uint ConcGCThreads                            = 2                                         {product} {ergonomic}
     uint G1ConcRefinementThreads                  = 8                                         {product} {ergonomic}
   size_t G1HeapRegionSize                         = 2097152                                   {product} {ergonomic}
    uintx GCDrainStackTargetSize                   = 64                                        {product} {ergonomic}
   size_t InitialHeapSize                          = 268435456                                 {product} {ergonomic}
   size_t MarkStackSize                            = 4194304                                   {product} {ergonomic}
   size_t MaxHeapSize                              = 4276092928                                {product} {ergonomic}
   size_t MinHeapDeltaBytes                        = 2097152                                   {product} {ergonomic}
   size_t MinHeapSize                              = 8388608                                   {product} {ergonomic}
    uintx NonNMethodCodeHeapSize                   = 5839372                                {pd product} {ergonomic}
    uintx NonProfiledCodeHeapSize                  = 122909434                              {pd product} {ergonomic}
    uintx ProfiledCodeHeapSize                     = 122909434                              {pd product} {ergonomic}
    uintx ReservedCodeCacheSize                    = 251658240                              {pd product} {ergonomic}
     bool SegmentedCodeCache                       = true                                      {product} {ergonomic}
   size_t SoftMaxHeapSize                          = 4276092928                             {manageable} {ergonomic}
     bool UseCompressedClassPointers               = true                           {product lp64_product} {ergonomic}
     bool UseCompressedOops                        = true                           {product lp64_product} {ergonomic}
     bool UseG1GC                                  = true                                      {product} {ergonomic}
     bool UseLargePagesIndividualAllocation        = false                                  {pd product} {ergonomic}

Logging:
Log output configuration:
 #0: stdout all=warning uptime,level,tags
 #1: stderr all=off uptime,level,tags

Environment Variables:
JAVA_HOME=C:\Program Files\Java\jdk-17
PATH=C:\Python312\Scripts\;C:\Python312\;C:\Program Files\Common Files\Oracle\Java\javapath;C:\Program Files (x86)\Intel\iCLS Client\;C:\Program Files\Intel\iCLS Client\;C:\Windows\system32;C:\Windows;C:\Windows\System32\Wbem;C:\Windows\System32\WindowsPowerShell\v1.0\;C:\Program Files (x86)\NVIDIA Corporation\PhysX\Common;C:\Program Files (x86)\Intel\Intel(R) Management Engine Components\DAL;C:\Program Files\Intel\Intel(R) Management Engine Components\DAL;C:\Program Files (x86)\Intel\Intel(R) Management Engine Components\IPT;C:\Program Files\Intel\Intel(R) Management Engine Components\IPT;C:\Program Files\Intel\WiFi\bin\;C:\Program Files\Common Files\Intel\WirelessCommon\;C:\WINDOWS\system32;C:\WINDOWS;C:\WINDOWS\System32\Wbem;C:\WINDOWS\System32\WindowsPowerShell\v1.0\;C:\WINDOWS\System32\OpenSSH\;C:\Program Files\NVIDIA Corporation\NVIDIA NvDLISR;C:\Program Files\Java\jdk-17\bin;C:\Program Files\Apache Maven\bin;C:\Program Files\nodejs\;C:\ProgramData\chocolatey\bin;C:\Program Files\Git\cmd;C:\Users\solya\AppData\Local\Microsoft\WindowsApps;C:\Program Files\Intel\WiFi\bin\;C:\Program Files\Common Files\Intel\WirelessCommon\;C:\Users\solya\AppData\Local\GitHubDesktop\bin;C:\Users\solya\AppData\Local\Programs\Microsoft VS Code\bin;C:\Users\solya\AppData\Roaming\npm
USERNAME=solya
OS=Windows_NT
PROCESSOR_IDENTIFIER=Intel64 Family 6 Model 158 Stepping 9, GenuineIntel



---------------  S Y S T E M  ---------------

OS:
 Windows 10 , 64 bit Build 19041 (10.0.19041.4957)
OS uptime: 37 days 8:55 hours

CPU: total 8 (initial active 8) (4 cores per cpu, 2 threads per core) family 6 model 158 stepping 9 microcode 0xb4, cx8, cmov, fxsr, ht, mmx, 3dnowpref, sse, sse2, sse3, ssse3, sse4.1, sse4.2, popcnt, lzcnt, tsc, tscinvbit, avx, avx2, aes, erms, clmul, bmi1, bmi2, adx, fma, vzeroupper, clflush, clflushopt

Memory: 4k page, system-wide physical 16304M (517M free)
TotalPageFile size 45921M (AvailPageFile size 151M)
current process WorkingSet (physical memory assigned to process): 10M, peak: 10M
current process commit charge ("private bytes"): 60M, peak: 316M

vm_info: Java HotSpot(TM) 64-Bit Server VM (17.0.10+11-LTS-240) for windows-amd64 JRE (17.0.10+11-LTS-240), built on Dec 19 2023 21:47:25 by "mach5one" with MS VC++ 17.1 (VS2022)

END.
